<?xml version="1.0" encoding="UTF-8"?>
<!-- Generated by org.testng.reporters.JUnitReportReporter -->
<testsuite skipped="0" hostname="NILESH-PC" name="com.makemytrip.test.MakeMytriptest" tests="3" failures="0" timestamp="24 May 2019 14:12:41 GMT" time="2.627" errors="0">
  <testcase name="selectRountTript" time="0.261" classname="com.makemytrip.test.MakeMytriptest"/>
  <testcase name="enterciytName" time="0.645" classname="com.makemytrip.test.MakeMytriptest"/>
  <testcase name="enterToCityName" time="1.721" classname="com.makemytrip.test.MakeMytriptest"/>
</testsuite> <!-- com.makemytrip.test.MakeMytriptest -->
